{"/home/runner/workspace/server/index.ts": {"path":"/home/runner/workspace/server/index.ts","statementMap":{"0":{"start":{"line":1,"column":62},"end":{"line":1,"column":null}},"1":{"start":{"line":2,"column":31},"end":{"line":2,"column":null}},"2":{"start":{"line":3,"column":44},"end":{"line":3,"column":null}},"3":{"start":{"line":5,"column":12},"end":{"line":5,"column":null}},"4":{"start":{"line":6,"column":0},"end":{"line":6,"column":null}},"5":{"start":{"line":7,"column":0},"end":{"line":7,"column":null}},"6":{"start":{"line":9,"column":0},"end":{"line":37,"column":null}},"7":{"start":{"line":10,"column":16},"end":{"line":10,"column":null}},"8":{"start":{"line":11,"column":15},"end":{"line":11,"column":23}},"9":{"start":{"line":12,"column":62},"end":{"line":12,"column":null}},"10":{"start":{"line":14,"column":26},"end":{"line":14,"column":34}},"11":{"start":{"line":15,"column":2},"end":{"line":18,"column":null}},"12":{"start":{"line":16,"column":4},"end":{"line":16,"column":null}},"13":{"start":{"line":17,"column":4},"end":{"line":17,"column":null}},"14":{"start":{"line":20,"column":2},"end":{"line":34,"column":null}},"15":{"start":{"line":21,"column":21},"end":{"line":21,"column":null}},"16":{"start":{"line":22,"column":4},"end":{"line":33,"column":null}},"17":{"start":{"line":23,"column":20},"end":{"line":23,"column":78}},"18":{"start":{"line":24,"column":6},"end":{"line":26,"column":null}},"19":{"start":{"line":25,"column":8},"end":{"line":25,"column":null}},"20":{"start":{"line":28,"column":6},"end":{"line":30,"column":null}},"21":{"start":{"line":29,"column":8},"end":{"line":29,"column":null}},"22":{"start":{"line":32,"column":6},"end":{"line":32,"column":null}},"23":{"start":{"line":36,"column":2},"end":{"line":36,"column":null}},"24":{"start":{"line":39,"column":1},"end":{"line":69,"column":null}},"25":{"start":{"line":40,"column":17},"end":{"line":40,"column":null}},"26":{"start":{"line":42,"column":2},"end":{"line":48,"column":null}},"27":{"start":{"line":43,"column":19},"end":{"line":43,"column":null}},"28":{"start":{"line":44,"column":20},"end":{"line":44,"column":null}},"29":{"start":{"line":46,"column":4},"end":{"line":46,"column":null}},"30":{"start":{"line":47,"column":4},"end":{"line":47,"column":null}},"31":{"start":{"line":53,"column":2},"end":{"line":57,"column":null}},"32":{"start":{"line":54,"column":4},"end":{"line":54,"column":null}},"33":{"start":{"line":56,"column":4},"end":{"line":56,"column":null}},"34":{"start":{"line":61,"column":15},"end":{"line":61,"column":null}},"35":{"start":{"line":62,"column":2},"end":{"line":68,"column":null}},"36":{"start":{"line":67,"column":4},"end":{"line":67,"column":null}}},"fnMap":{"0":{"name":"(anonymous_1)","decl":{"start":{"line":9,"column":8},"end":{"line":9,"column":9}},"loc":{"start":{"line":9,"column":19},"end":{"line":37,"column":null}}},"1":{"name":"(anonymous_2)","decl":{"start":{"line":15,"column":13},"end":{"line":15,"column":23}},"loc":{"start":{"line":15,"column":40},"end":{"line":18,"column":null}}},"2":{"name":"(anonymous_3)","decl":{"start":{"line":20,"column":19},"end":{"line":20,"column":null}},"loc":{"start":{"line":20,"column":19},"end":{"line":34,"column":null}}},"3":{"name":"(anonymous_4)","decl":{"start":{"line":39,"column":1},"end":{"line":39,"column":null}},"loc":{"start":{"line":39,"column":1},"end":{"line":69,"column":null}}},"4":{"name":"(anonymous_5)","decl":{"start":{"line":42,"column":10},"end":{"line":42,"column":11}},"loc":{"start":{"line":42,"column":51},"end":{"line":48,"column":null}}},"5":{"name":"(anonymous_6)","decl":{"start":{"line":66,"column":5},"end":{"line":66,"column":null}},"loc":{"start":{"line":66,"column":5},"end":{"line":68,"column":null}}}},"branchMap":{"0":{"loc":{"start":{"line":22,"column":4},"end":{"line":33,"column":null}},"type":"if","locations":[{"start":{"line":22,"column":4},"end":{"line":33,"column":null}}]},"1":{"loc":{"start":{"line":24,"column":6},"end":{"line":26,"column":null}},"type":"if","locations":[{"start":{"line":24,"column":6},"end":{"line":26,"column":null}}]},"2":{"loc":{"start":{"line":28,"column":6},"end":{"line":30,"column":null}},"type":"if","locations":[{"start":{"line":28,"column":6},"end":{"line":30,"column":null}}]},"3":{"loc":{"start":{"line":43,"column":19},"end":{"line":43,"column":null}},"type":"binary-expr","locations":[{"start":{"line":43,"column":19},"end":{"line":43,"column":29}},{"start":{"line":43,"column":33},"end":{"line":43,"column":47}},{"start":{"line":43,"column":51},"end":{"line":43,"column":null}}]},"4":{"loc":{"start":{"line":44,"column":20},"end":{"line":44,"column":null}},"type":"binary-expr","locations":[{"start":{"line":44,"column":20},"end":{"line":44,"column":31}},{"start":{"line":44,"column":35},"end":{"line":44,"column":null}}]},"5":{"loc":{"start":{"line":53,"column":2},"end":{"line":57,"column":null}},"type":"if","locations":[{"start":{"line":53,"column":2},"end":{"line":57,"column":null}},{"start":{"line":55,"column":9},"end":{"line":57,"column":null}}]}},"s":{"0":3,"1":0,"2":0,"3":0,"4":0,"5":0,"6":0,"7":0,"8":0,"9":0,"10":0,"11":0,"12":0,"13":0,"14":0,"15":0,"16":0,"17":0,"18":0,"19":0,"20":0,"21":0,"22":0,"23":0,"24":0,"25":0,"26":0,"27":0,"28":0,"29":0,"30":0,"31":0,"32":0,"33":0,"34":0,"35":0,"36":0},"f":{"0":0,"1":0,"2":0,"3":0,"4":0,"5":0},"b":{"0":[0],"1":[0],"2":[0],"3":[0,0,0],"4":[0,0],"5":[0,0]}}
,"/home/runner/workspace/server/routes.ts": {"path":"/home/runner/workspace/server/routes.ts","statementMap":{"0":{"start":{"line":8,"column":22},"end":{"line":8,"column":37}},"1":{"start":{"line":2,"column":42},"end":{"line":2,"column":null}},"2":{"start":{"line":3,"column":24},"end":{"line":3,"column":null}},"3":{"start":{"line":4,"column":41},"end":{"line":4,"column":null}},"4":{"start":{"line":5,"column":25},"end":{"line":5,"column":null}},"5":{"start":{"line":6,"column":29},"end":{"line":6,"column":null}},"6":{"start":{"line":9,"column":21},"end":{"line":9,"column":null}},"7":{"start":{"line":12,"column":2},"end":{"line":31,"column":null}},"8":{"start":{"line":13,"column":4},"end":{"line":30,"column":null}},"9":{"start":{"line":14,"column":27},"end":{"line":14,"column":null}},"10":{"start":{"line":15,"column":22},"end":{"line":15,"column":null}},"11":{"start":{"line":18,"column":28},"end":{"line":18,"column":null}},"12":{"start":{"line":21,"column":6},"end":{"line":21,"column":null}},"13":{"start":{"line":23,"column":6},"end":{"line":23,"column":null}},"14":{"start":{"line":25,"column":6},"end":{"line":28,"column":null}},"15":{"start":{"line":26,"column":8},"end":{"line":26,"column":null}},"16":{"start":{"line":27,"column":8},"end":{"line":27,"column":null}},"17":{"start":{"line":29,"column":6},"end":{"line":29,"column":null}},"18":{"start":{"line":34,"column":2},"end":{"line":43,"column":null}},"19":{"start":{"line":35,"column":4},"end":{"line":42,"column":null}},"20":{"start":{"line":36,"column":27},"end":{"line":38,"column":null}},"21":{"start":{"line":39,"column":6},"end":{"line":39,"column":null}},"22":{"start":{"line":41,"column":6},"end":{"line":41,"column":null}},"23":{"start":{"line":46,"column":2},"end":{"line":53,"column":null}},"24":{"start":{"line":47,"column":4},"end":{"line":52,"column":null}},"25":{"start":{"line":48,"column":28},"end":{"line":48,"column":null}},"26":{"start":{"line":49,"column":6},"end":{"line":49,"column":null}},"27":{"start":{"line":51,"column":6},"end":{"line":51,"column":null}},"28":{"start":{"line":56,"column":2},"end":{"line":63,"column":null}},"29":{"start":{"line":57,"column":4},"end":{"line":62,"column":null}},"30":{"start":{"line":58,"column":6},"end":{"line":58,"column":null}},"31":{"start":{"line":59,"column":6},"end":{"line":59,"column":null}},"32":{"start":{"line":61,"column":6},"end":{"line":61,"column":null}},"33":{"start":{"line":65,"column":2},"end":{"line":65,"column":null}}},"fnMap":{"0":{"name":"registerRoutes","decl":{"start":{"line":8,"column":22},"end":{"line":8,"column":37}},"loc":{"start":{"line":8,"column":49},"end":{"line":66,"column":null}}},"1":{"name":"(anonymous_2)","decl":{"start":{"line":12,"column":27},"end":{"line":12,"column":34}},"loc":{"start":{"line":12,"column":39},"end":{"line":31,"column":null}}},"2":{"name":"(anonymous_3)","decl":{"start":{"line":34,"column":33},"end":{"line":34,"column":40}},"loc":{"start":{"line":34,"column":45},"end":{"line":43,"column":null}}},"3":{"name":"(anonymous_4)","decl":{"start":{"line":46,"column":32},"end":{"line":46,"column":39}},"loc":{"start":{"line":46,"column":45},"end":{"line":53,"column":null}}},"4":{"name":"(anonymous_5)","decl":{"start":{"line":56,"column":43},"end":{"line":56,"column":50}},"loc":{"start":{"line":56,"column":55},"end":{"line":63,"column":null}}}},"branchMap":{"0":{"loc":{"start":{"line":25,"column":6},"end":{"line":28,"column":null}},"type":"if","locations":[{"start":{"line":25,"column":6},"end":{"line":28,"column":null}}]}},"s":{"0":1,"1":1,"2":1,"3":1,"4":1,"5":1,"6":1,"7":1,"8":3,"9":3,"10":2,"11":2,"12":2,"13":2,"14":1,"15":1,"16":1,"17":0,"18":1,"19":1,"20":1,"21":1,"22":0,"23":1,"24":1,"25":1,"26":1,"27":0,"28":1,"29":1,"30":1,"31":1,"32":0,"33":1},"f":{"0":1,"1":3,"2":1,"3":1,"4":1},"b":{"0":[1]}}
,"/home/runner/workspace/server/storage.ts": {"path":"/home/runner/workspace/server/storage.ts","statementMap":{"0":{"start":{"line":18,"column":13},"end":{"line":18,"column":23}},"1":{"start":{"line":114,"column":13},"end":{"line":114,"column":20}},"2":{"start":{"line":25,"column":4},"end":{"line":25,"column":null}},"3":{"start":{"line":26,"column":4},"end":{"line":26,"column":null}},"4":{"start":{"line":27,"column":4},"end":{"line":27,"column":null}},"5":{"start":{"line":28,"column":4},"end":{"line":28,"column":null}},"6":{"start":{"line":31,"column":4},"end":{"line":31,"column":null}},"7":{"start":{"line":36,"column":16},"end":{"line":36,"column":null}},"8":{"start":{"line":37,"column":21},"end":{"line":53,"column":null}},"9":{"start":{"line":38,"column":19},"end":{"line":38,"column":null}},"10":{"start":{"line":39,"column":6},"end":{"line":39,"column":46}},"11":{"start":{"line":42,"column":33},"end":{"line":42,"column":null}},"12":{"start":{"line":44,"column":6},"end":{"line":52,"column":null}},"13":{"start":{"line":44,"column":63},"end":{"line":52,"column":null}},"14":{"start":{"line":56,"column":4},"end":{"line":59,"column":null}},"15":{"start":{"line":57,"column":17},"end":{"line":57,"column":null}},"16":{"start":{"line":58,"column":6},"end":{"line":58,"column":null}},"17":{"start":{"line":62,"column":4},"end":{"line":67,"column":null}},"18":{"start":{"line":71,"column":15},"end":{"line":71,"column":null}},"19":{"start":{"line":72,"column":42},"end":{"line":79,"column":null}},"20":{"start":{"line":80,"column":4},"end":{"line":80,"column":null}},"21":{"start":{"line":81,"column":4},"end":{"line":81,"column":null}},"22":{"start":{"line":85,"column":4},"end":{"line":85,"column":null}},"23":{"start":{"line":89,"column":25},"end":{"line":89,"column":null}},"24":{"start":{"line":90,"column":4},"end":{"line":92,"column":null}},"25":{"start":{"line":91,"column":6},"end":{"line":91,"column":null}},"26":{"start":{"line":96,"column":25},"end":{"line":96,"column":null}},"27":{"start":{"line":97,"column":4},"end":{"line":99,"column":null}},"28":{"start":{"line":98,"column":6},"end":{"line":98,"column":null}},"29":{"start":{"line":103,"column":15},"end":{"line":103,"column":null}},"30":{"start":{"line":104,"column":23},"end":{"line":104,"column":null}},"31":{"start":{"line":105,"column":4},"end":{"line":105,"column":null}},"32":{"start":{"line":106,"column":4},"end":{"line":106,"column":null}},"33":{"start":{"line":110,"column":4},"end":{"line":110,"column":null}},"34":{"start":{"line":114,"column":23},"end":{"line":114,"column":null}}},"fnMap":{"0":{"name":"(anonymous_3)","decl":{"start":{"line":24,"column":2},"end":{"line":24,"column":16}},"loc":{"start":{"line":24,"column":16},"end":{"line":32,"column":null}}},"1":{"name":"(anonymous_4)","decl":{"start":{"line":34,"column":10},"end":{"line":34,"column":31}},"loc":{"start":{"line":34,"column":31},"end":{"line":68,"column":null}}},"2":{"name":"(anonymous_5)","decl":{"start":{"line":37,"column":47},"end":{"line":37,"column":48}},"loc":{"start":{"line":37,"column":51},"end":{"line":53,"column":7}}},"3":{"name":"(anonymous_6)","decl":{"start":{"line":44,"column":56},"end":{"line":44,"column":63}},"loc":{"start":{"line":44,"column":63},"end":{"line":52,"column":null}}},"4":{"name":"(anonymous_7)","decl":{"start":{"line":56,"column":21},"end":{"line":56,"column":22}},"loc":{"start":{"line":56,"column":22},"end":{"line":59,"column":null}}},"5":{"name":"(anonymous_8)","decl":{"start":{"line":70,"column":2},"end":{"line":70,"column":8}},"loc":{"start":{"line":70,"column":84},"end":{"line":82,"column":null}}},"6":{"name":"(anonymous_9)","decl":{"start":{"line":84,"column":2},"end":{"line":84,"column":8}},"loc":{"start":{"line":84,"column":52},"end":{"line":86,"column":null}}},"7":{"name":"(anonymous_10)","decl":{"start":{"line":88,"column":2},"end":{"line":88,"column":8}},"loc":{"start":{"line":88,"column":61},"end":{"line":93,"column":null}}},"8":{"name":"(anonymous_11)","decl":{"start":{"line":95,"column":2},"end":{"line":95,"column":8}},"loc":{"start":{"line":95,"column":59},"end":{"line":100,"column":null}}},"9":{"name":"(anonymous_12)","decl":{"start":{"line":102,"column":2},"end":{"line":102,"column":8}},"loc":{"start":{"line":102,"column":70},"end":{"line":107,"column":null}}},"10":{"name":"(anonymous_13)","decl":{"start":{"line":109,"column":2},"end":{"line":109,"column":8}},"loc":{"start":{"line":109,"column":47},"end":{"line":111,"column":null}}}},"branchMap":{"0":{"loc":{"start":{"line":78,"column":11},"end":{"line":78,"column":36}},"type":"binary-expr","locations":[{"start":{"line":78,"column":11},"end":{"line":78,"column":27}},{"start":{"line":78,"column":31},"end":{"line":78,"column":36}}]},"1":{"loc":{"start":{"line":90,"column":4},"end":{"line":92,"column":null}},"type":"if","locations":[{"start":{"line":90,"column":4},"end":{"line":92,"column":null}}]},"2":{"loc":{"start":{"line":97,"column":4},"end":{"line":99,"column":null}},"type":"if","locations":[{"start":{"line":97,"column":4},"end":{"line":99,"column":null}}]}},"s":{"0":7,"1":7,"2":9,"3":9,"4":9,"5":9,"6":9,"7":9,"8":9,"9":63,"10":63,"11":63,"12":63,"13":337,"14":9,"15":337,"16":337,"17":9,"18":6,"19":6,"20":6,"21":6,"22":5,"23":1,"24":1,"25":1,"26":2,"27":2,"28":2,"29":12,"30":12,"31":12,"32":12,"33":4,"34":2},"f":{"0":9,"1":9,"2":63,"3":337,"4":337,"5":6,"6":5,"7":1,"8":2,"9":12,"10":4},"b":{"0":[6,0],"1":[1],"2":[2]}}
,"/home/runner/workspace/server/vite.ts": {"path":"/home/runner/workspace/server/vite.ts","statementMap":{"0":{"start":{"line":6,"column":19},"end":{"line":6,"column":null}},"1":{"start":{"line":7,"column":18},"end":{"line":7,"column":null}},"2":{"start":{"line":12,"column":19},"end":{"line":12,"column":null}},"3":{"start":{"line":15,"column":24},"end":{"line":20,"column":null}},"4":{"start":{"line":22,"column":2},"end":{"line":22,"column":null}},"5":{"start":{"line":26,"column":24},"end":{"line":30,"column":null}},"6":{"start":{"line":32,"column":15},"end":{"line":44,"column":null}},"7":{"start":{"line":38,"column":8},"end":{"line":38,"column":null}},"8":{"start":{"line":39,"column":8},"end":{"line":39,"column":null}},"9":{"start":{"line":46,"column":2},"end":{"line":46,"column":null}},"10":{"start":{"line":47,"column":2},"end":{"line":70,"column":null}},"11":{"start":{"line":48,"column":16},"end":{"line":48,"column":31}},"12":{"start":{"line":50,"column":4},"end":{"line":69,"column":null}},"13":{"start":{"line":51,"column":29},"end":{"line":55,"column":null}},"14":{"start":{"line":59,"column":21},"end":{"line":59,"column":null}},"15":{"start":{"line":60,"column":6},"end":{"line":62,"column":null}},"16":{"start":{"line":64,"column":19},"end":{"line":64,"column":null}},"17":{"start":{"line":65,"column":6},"end":{"line":65,"column":null}},"18":{"start":{"line":67,"column":6},"end":{"line":67,"column":null}},"19":{"start":{"line":68,"column":6},"end":{"line":68,"column":null}},"20":{"start":{"line":74,"column":19},"end":{"line":74,"column":null}},"21":{"start":{"line":76,"column":2},"end":{"line":80,"column":null}},"22":{"start":{"line":77,"column":4},"end":{"line":78,"column":null}},"23":{"start":{"line":82,"column":2},"end":{"line":82,"column":null}},"24":{"start":{"line":85,"column":2},"end":{"line":87,"column":null}},"25":{"start":{"line":86,"column":4},"end":{"line":86,"column":null}}},"fnMap":{"0":{"name":"log","decl":{"start":{"line":14,"column":16},"end":{"line":14,"column":20}},"loc":{"start":{"line":14,"column":55},"end":{"line":23,"column":null}}},"1":{"name":"setupVite","decl":{"start":{"line":25,"column":22},"end":{"line":25,"column":32}},"loc":{"start":{"line":25,"column":60},"end":{"line":71,"column":null}}},"2":{"name":"(anonymous_2)","decl":{"start":{"line":37,"column":13},"end":{"line":37,"column":14}},"loc":{"start":{"line":37,"column":19},"end":{"line":40,"column":null}}},"3":{"name":"(anonymous_3)","decl":{"start":{"line":47,"column":15},"end":{"line":47,"column":22}},"loc":{"start":{"line":47,"column":32},"end":{"line":70,"column":null}}},"4":{"name":"serveStatic","decl":{"start":{"line":73,"column":16},"end":{"line":73,"column":28}},"loc":{"start":{"line":73,"column":40},"end":{"line":88,"column":null}}},"5":{"name":"(anonymous_5)","decl":{"start":{"line":85,"column":15},"end":{"line":85,"column":16}},"loc":{"start":{"line":85,"column":22},"end":{"line":87,"column":null}}}},"branchMap":{"0":{"loc":{"start":{"line":14,"column":37},"end":{"line":14,"column":55}},"type":"default-arg","locations":[{"start":{"line":14,"column":46},"end":{"line":14,"column":55}}]},"1":{"loc":{"start":{"line":76,"column":2},"end":{"line":80,"column":null}},"type":"if","locations":[{"start":{"line":76,"column":2},"end":{"line":80,"column":null}}]}},"s":{"0":0,"1":0,"2":0,"3":0,"4":0,"5":0,"6":0,"7":0,"8":0,"9":0,"10":0,"11":0,"12":0,"13":0,"14":0,"15":0,"16":0,"17":0,"18":0,"19":0,"20":0,"21":0,"22":0,"23":0,"24":0,"25":0},"f":{"0":0,"1":0,"2":0,"3":0,"4":0,"5":0},"b":{"0":[0],"1":[0]}}
,"/home/runner/workspace/shared/schema.ts": {"path":"/home/runner/workspace/shared/schema.ts","statementMap":{"0":{"start":{"line":16,"column":13},"end":{"line":16,"column":37}},"1":{"start":{"line":31,"column":13},"end":{"line":31,"column":29}},"2":{"start":{"line":5,"column":13},"end":{"line":5,"column":26}},"3":{"start":{"line":26,"column":13},"end":{"line":26,"column":18}},"4":{"start":{"line":1,"column":67},"end":{"line":1,"column":null}},"5":{"start":{"line":2,"column":35},"end":{"line":2,"column":null}},"6":{"start":{"line":5,"column":29},"end":{"line":14,"column":null}},"7":{"start":{"line":16,"column":40},"end":{"line":21,"column":null}},"8":{"start":{"line":26,"column":21},"end":{"line":29,"column":null}},"9":{"start":{"line":31,"column":32},"end":{"line":33,"column":null}}},"fnMap":{},"branchMap":{},"s":{"0":3,"1":0,"2":0,"3":0,"4":1,"5":1,"6":1,"7":1,"8":1,"9":1},"f":{},"b":{}}
}
