TN:
SF:server/index.ts
FN:9,(anonymous_1)
FN:15,(anonymous_2)
FN:20,(anonymous_3)
FN:39,(anonymous_4)
FN:42,(anonymous_5)
FN:66,(anonymous_6)
FNF:6
FNH:0
FNDA:0,(anonymous_1)
FNDA:0,(anonymous_2)
FNDA:0,(anonymous_3)
FNDA:0,(anonymous_4)
FNDA:0,(anonymous_5)
FNDA:0,(anonymous_6)
DA:1,3
DA:2,0
DA:3,0
DA:5,0
DA:6,0
DA:7,0
DA:9,0
DA:10,0
DA:11,0
DA:12,0
DA:14,0
DA:15,0
DA:16,0
DA:17,0
DA:20,0
DA:21,0
DA:22,0
DA:23,0
DA:24,0
DA:25,0
DA:28,0
DA:29,0
DA:32,0
DA:36,0
DA:39,0
DA:40,0
DA:42,0
DA:43,0
DA:44,0
DA:46,0
DA:47,0
DA:53,0
DA:54,0
DA:56,0
DA:61,0
DA:62,0
DA:67,0
LF:37
LH:1
BRDA:22,0,0,0
BRDA:24,1,0,0
BRDA:28,2,0,0
BRDA:43,3,0,0
BRDA:43,3,1,0
BRDA:43,3,2,0
BRDA:44,4,0,0
BRDA:44,4,1,0
BRDA:53,5,0,0
BRDA:53,5,1,0
BRF:10
BRH:0
end_of_record
TN:
SF:server/routes.ts
FN:8,registerRoutes
FN:12,(anonymous_2)
FN:34,(anonymous_3)
FN:46,(anonymous_4)
FN:56,(anonymous_5)
FNF:5
FNH:5
FNDA:1,registerRoutes
FNDA:3,(anonymous_2)
FNDA:1,(anonymous_3)
FNDA:1,(anonymous_4)
FNDA:1,(anonymous_5)
DA:2,1
DA:3,1
DA:4,1
DA:5,1
DA:6,1
DA:8,1
DA:9,1
DA:12,1
DA:13,3
DA:14,3
DA:15,2
DA:18,2
DA:21,2
DA:23,2
DA:25,1
DA:26,1
DA:27,1
DA:29,0
DA:34,1
DA:35,1
DA:36,1
DA:39,1
DA:41,0
DA:46,1
DA:47,1
DA:48,1
DA:49,1
DA:51,0
DA:56,1
DA:57,1
DA:58,1
DA:59,1
DA:61,0
DA:65,1
LF:34
LH:30
BRDA:25,0,0,1
BRF:1
BRH:1
end_of_record
TN:
SF:server/storage.ts
FN:24,(anonymous_3)
FN:34,(anonymous_4)
FN:37,(anonymous_5)
FN:44,(anonymous_6)
FN:56,(anonymous_7)
FN:70,(anonymous_8)
FN:84,(anonymous_9)
FN:88,(anonymous_10)
FN:95,(anonymous_11)
FN:102,(anonymous_12)
FN:109,(anonymous_13)
FNF:11
FNH:11
FNDA:9,(anonymous_3)
FNDA:9,(anonymous_4)
FNDA:63,(anonymous_5)
FNDA:337,(anonymous_6)
FNDA:337,(anonymous_7)
FNDA:6,(anonymous_8)
FNDA:5,(anonymous_9)
FNDA:1,(anonymous_10)
FNDA:2,(anonymous_11)
FNDA:12,(anonymous_12)
FNDA:4,(anonymous_13)
DA:18,7
DA:25,9
DA:26,9
DA:27,9
DA:28,9
DA:31,9
DA:36,9
DA:37,9
DA:38,63
DA:39,63
DA:42,63
DA:44,337
DA:56,9
DA:57,337
DA:58,337
DA:62,9
DA:71,6
DA:72,6
DA:80,6
DA:81,6
DA:85,5
DA:89,1
DA:90,1
DA:91,1
DA:96,2
DA:97,2
DA:98,2
DA:103,12
DA:104,12
DA:105,12
DA:106,12
DA:110,4
DA:114,7
LF:33
LH:33
BRDA:78,0,0,6
BRDA:78,0,1,0
BRDA:90,1,0,1
BRDA:97,2,0,2
BRF:4
BRH:3
end_of_record
TN:
SF:server/vite.ts
FN:14,log
FN:25,setupVite
FN:37,(anonymous_2)
FN:47,(anonymous_3)
FN:73,serveStatic
FN:85,(anonymous_5)
FNF:6
FNH:0
FNDA:0,log
FNDA:0,setupVite
FNDA:0,(anonymous_2)
FNDA:0,(anonymous_3)
FNDA:0,serveStatic
FNDA:0,(anonymous_5)
DA:6,0
DA:7,0
DA:12,0
DA:15,0
DA:22,0
DA:26,0
DA:32,0
DA:38,0
DA:39,0
DA:46,0
DA:47,0
DA:48,0
DA:50,0
DA:51,0
DA:59,0
DA:60,0
DA:64,0
DA:65,0
DA:67,0
DA:68,0
DA:74,0
DA:76,0
DA:77,0
DA:82,0
DA:85,0
DA:86,0
LF:26
LH:0
BRDA:14,0,0,0
BRDA:76,1,0,0
BRF:2
BRH:0
end_of_record
TN:
SF:shared/schema.ts
FNF:0
FNH:0
DA:1,1
DA:2,1
DA:5,1
DA:16,3
DA:26,1
DA:31,1
LF:6
LH:6
BRF:0
BRH:0
end_of_record
